2023-03-26T13:27:52+00:00 DEBUG tt4b_product_sync: missing access token for tt4b_product_sync
2023-03-26T13:27:52+00:00 DEBUG tt4b_product_sync: missing access token for tt4b_product_sync
2023-03-26T13:28:10+00:00 DEBUG tt4b_product_sync: missing access token for tt4b_product_sync
2023-03-26T13:31:13+00:00 DEBUG tt4b_product_sync: missing access token for tt4b_product_sync
2023-03-26T13:41:47+00:00 DEBUG tt4b_product_sync: missing access token for tt4b_product_sync
2023-03-26T13:43:12+00:00 DEBUG tt4b_product_sync: missing access token for tt4b_product_sync
2023-03-26T13:43:59+00:00 DEBUG tt4b_product_sync: missing access token for tt4b_product_sync
2023-03-26T13:44:13+00:00 DEBUG Tt4b_Pixel_Class::inject_view_content_event: hit injectViewContentEvent
2023-03-26T13:44:13+00:00 DEBUG Tt4b_Pixel_Class::inject_view_content_event: Missing option "access_token"
2023-03-26T13:44:17+00:00 DEBUG Tt4b_Pixel_Class::inject_add_to_cart_event: hit injectAddToCartEvent
2023-03-26T13:44:17+00:00 DEBUG Tt4b_Pixel_Class::inject_add_to_cart_event: Missing option "access_token"
2023-03-26T13:44:17+00:00 DEBUG Tt4b_Pixel_Class::inject_view_content_event: hit injectViewContentEvent
2023-03-26T13:44:17+00:00 DEBUG Tt4b_Pixel_Class::inject_view_content_event: Missing option "access_token"
2023-03-26T13:44:24+00:00 DEBUG Tt4b_Pixel_Class::inject_view_content_event: hit injectViewContentEvent
2023-03-26T13:44:24+00:00 DEBUG Tt4b_Pixel_Class::inject_view_content_event: Missing option "access_token"
2023-03-26T13:44:50+00:00 DEBUG Tt4b_Pixel_Class::inject_start_checkout: hit injectStartCheckout
2023-03-26T13:44:50+00:00 DEBUG Tt4b_Pixel_Class::inject_start_checkout: Missing option "access_token"
2023-03-26T13:45:05+00:00 DEBUG tt4b_product_sync: missing access token for tt4b_product_sync
2023-03-26T13:45:08+00:00 DEBUG Tt4b_Pixel_Class::inject_start_checkout: hit injectStartCheckout
2023-03-26T13:45:08+00:00 DEBUG Tt4b_Pixel_Class::inject_start_checkout: Missing option "access_token"
2023-03-26T13:46:38+00:00 DEBUG Tt4b_Pixel_Class::inject_view_content_event: hit injectViewContentEvent
2023-03-26T13:46:38+00:00 DEBUG Tt4b_Pixel_Class::inject_view_content_event: Missing option "access_token"
